c:\users\alex\source\repos\gitpushtest\rlc graph v3\rlc graph v3\x64\debug\rlc graph v3.pch
c:\users\alex\source\repos\gitpushtest\rlc graph v3\rlc graph v3\x64\debug\vc143.pdb
c:\users\alex\source\repos\gitpushtest\rlc graph v3\rlc graph v3\x64\debug\pch.obj
c:\users\alex\source\repos\gitpushtest\rlc graph v3\rlc graph v3\x64\debug\form1.obj
c:\users\alex\source\repos\gitpushtest\rlc graph v3\rlc graph v3\x64\debug\cppclr_winformsproject.obj
c:\users\alex\source\repos\gitpushtest\rlc graph v3\rlc graph v3\x64\debug\assemblyinfo.obj
c:\users\alex\source\repos\gitpushtest\rlc graph v3\rlc graph v3\x64\debug\.netframework,version=v4.7.2.assemblyattributes.obj
c:\users\alex\source\repos\gitpushtest\rlc graph v3\x64\debug\rlc graph v3.exe
c:\users\alex\source\repos\gitpushtest\rlc graph v3\x64\debug\rlc graph v3.pdb
c:\users\alex\source\repos\gitpushtest\rlc graph v3\rlc graph v3\x64\debug\app.res
c:\users\alex\source\repos\gitpushtest\rlc graph v3\rlc graph v3\x64\debug\rlc graph v3.tlog\cl.command.1.tlog
c:\users\alex\source\repos\gitpushtest\rlc graph v3\rlc graph v3\x64\debug\rlc graph v3.tlog\cl.items.tlog
c:\users\alex\source\repos\gitpushtest\rlc graph v3\rlc graph v3\x64\debug\rlc graph v3.tlog\cl.read.1.tlog
c:\users\alex\source\repos\gitpushtest\rlc graph v3\rlc graph v3\x64\debug\rlc graph v3.tlog\cl.write.1.tlog
c:\users\alex\source\repos\gitpushtest\rlc graph v3\rlc graph v3\x64\debug\rlc graph v3.tlog\link.command.1.tlog
c:\users\alex\source\repos\gitpushtest\rlc graph v3\rlc graph v3\x64\debug\rlc graph v3.tlog\link.read.1.tlog
c:\users\alex\source\repos\gitpushtest\rlc graph v3\rlc graph v3\x64\debug\rlc graph v3.tlog\link.secondary.1.tlog
c:\users\alex\source\repos\gitpushtest\rlc graph v3\rlc graph v3\x64\debug\rlc graph v3.tlog\link.write.1.tlog
c:\users\alex\source\repos\gitpushtest\rlc graph v3\rlc graph v3\x64\debug\rlc graph v3.tlog\metagen.read.1.tlog
c:\users\alex\source\repos\gitpushtest\rlc graph v3\rlc graph v3\x64\debug\rlc graph v3.tlog\metagen.write.1.tlog
c:\users\alex\source\repos\gitpushtest\rlc graph v3\rlc graph v3\x64\debug\rlc graph v3.tlog\rc.command.1.tlog
c:\users\alex\source\repos\gitpushtest\rlc graph v3\rlc graph v3\x64\debug\rlc graph v3.tlog\rc.read.1.tlog
c:\users\alex\source\repos\gitpushtest\rlc graph v3\rlc graph v3\x64\debug\rlc graph v3.tlog\rc.write.1.tlog
c:\users\alex\source\repos\gitpushtest\rlc graph v3\rlc graph v3\x64\debug\rlc graph v3.tlog\resgen.command.1.tlog
c:\users\alex\source\repos\gitpushtest\rlc graph v3\rlc graph v3\x64\debug\rlc graph v3.tlog\resgen.read.1.tlog
c:\users\alex\source\repos\gitpushtest\rlc graph v3\rlc graph v3\x64\debug\rlc graph v3.tlog\resgen.write.1.tlog
